Android Studio/app/build/intermediates/manifest_merge_blame_file/debug/processDebugMainManifest/manifest-merger-blame-debug-report.txt
1<?xml version="1.0" encoding="utf-8"?>
2<manifest xmlns:android="http://schemas.android.com/apk/res/android"
3    package="com.pau.busapp"
4    android:versionCode="9"
5    android:versionName="1.8" >
6
7    <uses-sdk
8        android:minSdkVersion="24"
9        android:targetSdkVersion="34" />
10
11    <uses-permission android:name="android.permission.INTERNET" />
11-->src\main\AndroidManifest.xml:3:5-67
11-->src\main\AndroidManifest.xml:3:22-64
12    <uses-permission android:name="android.permission.ACCESS_NETWORK_STATE" />
12-->src\main\AndroidManifest.xml:4:5-79
12-->src\main\AndroidManifest.xml:4:22-76
13    <uses-permission
13-->src\main\AndroidManifest.xml:5:5-108
14        android:name="android.permission.WRITE_EXTERNAL_STORAGE"
14-->src\main\AndroidManifest.xml:5:22-78
15        android:maxSdkVersion="28" />
15-->src\main\AndroidManifest.xml:5:79-105
16    <uses-permission android:name="android.permission.ACCESS_FINE_LOCATION" />
16-->src\main\AndroidManifest.xml:6:5-79
16-->src\main\AndroidManifest.xml:6:22-76
17    <uses-permission android:name="android.permission.ACCESS_COARSE_LOCATION" />
17-->src\main\AndroidManifest.xml:7:5-81
17-->src\main\AndroidManifest.xml:7:22-78
18    <uses-permission android:name="android.permission.POST_NOTIFICATIONS" />
18-->src\main\AndroidManifest.xml:8:5-77
18-->src\main\AndroidManifest.xml:8:22-74
19    <uses-permission android:name="android.permission.SCHEDULE_EXACT_ALARM" />
19-->src\main\AndroidManifest.xml:9:5-79
19-->src\main\AndroidManifest.xml:9:22-76
20    <uses-permission android:name="android.permission.USE_EXACT_ALARM" />
20-->src\main\AndroidManifest.xml:10:5-74
20-->src\main\AndroidManifest.xml:10:22-71
21    <uses-permission android:name="android.permission.RECEIVE_BOOT_COMPLETED" />
21-->src\main\AndroidManifest.xml:11:5-81
21-->src\main\AndroidManifest.xml:11:22-78
22    <uses-permission android:name="android.permission.FOREGROUND_SERVICE" />
22-->src\main\AndroidManifest.xml:12:5-77
22-->src\main\AndroidManifest.xml:12:22-74
23    <uses-permission android:name="android.permission.FOREGROUND_SERVICE_DATA_SYNC" />
23-->src\main\AndroidManifest.xml:13:5-87
23-->src\main\AndroidManifest.xml:13:22-84
24
25    <permission
25-->[androidx.core:core:1.12.0] AndroidManifest.xml:22:5-24:47
26        android:name="com.pau.busapp.DYNAMIC_RECEIVER_NOT_EXPORTED_PERMISSION"
26-->[androidx.core:core:1.12.0] AndroidManifest.xml:23:9-81
27        android:protectionLevel="signature" />
27-->[androidx.core:core:1.12.0] AndroidManifest.xml:24:9-44
28
29    <uses-permission android:name="com.pau.busapp.DYNAMIC_RECEIVER_NOT_EXPORTED_PERMISSION" />
29-->[androidx.core:core:1.12.0] AndroidManifest.xml:26:5-97
29-->[androidx.core:core:1.12.0] AndroidManifest.xml:26:22-94
30
31    <supports-screens
31-->[org.osmdroid:osmdroid-android:6.1.18] AndroidManifest.xml:9:5-12:40
32        android:anyDensity="true"
32-->[org.osmdroid:osmdroid-android:6.1.18] AndroidManifest.xml:10:9-34
33        android:largeScreens="true"
33-->[org.osmdroid:osmdroid-android:6.1.18] AndroidManifest.xml:11:9-36
34        android:normalScreens="true" />
34-->[org.osmdroid:osmdroid-android:6.1.18] AndroidManifest.xml:12:9-37
35
36    <uses-feature
36-->[org.osmdroid:osmdroid-android:6.1.18] AndroidManifest.xml:14:5-16:36
37        android:name="android.hardware.location.network"
37-->[org.osmdroid:osmdroid-android:6.1.18] AndroidManifest.xml:15:9-57
38        android:required="false" />
38-->[org.osmdroid:osmdroid-android:6.1.18] AndroidManifest.xml:16:9-33
39    <uses-feature
39-->[org.osmdroid:osmdroid-android:6.1.18] AndroidManifest.xml:17:5-19:36
40        android:name="android.hardware.location.gps"
40-->[org.osmdroid:osmdroid-android:6.1.18] AndroidManifest.xml:18:9-53
41        android:required="false" />
41-->[org.osmdroid:osmdroid-android:6.1.18] AndroidManifest.xml:19:9-33
42    <uses-feature
42-->[org.osmdroid:osmdroid-android:6.1.18] AndroidManifest.xml:20:5-22:36
43        android:name="android.hardware.telephony"
43-->[org.osmdroid:osmdroid-android:6.1.18] AndroidManifest.xml:21:9-50
44        android:required="false" />
44-->[org.osmdroid:osmdroid-android:6.1.18] AndroidManifest.xml:22:9-33
45    <uses-feature
45-->[org.osmdroid:osmdroid-android:6.1.18] AndroidManifest.xml:23:5-25:36
46        android:name="android.hardware.wifi"
46-->[org.osmdroid:osmdroid-android:6.1.18] AndroidManifest.xml:24:9-45
47        android:required="false" />
47-->[org.osmdroid:osmdroid-android:6.1.18] AndroidManifest.xml:25:9-33
48
49    <application
49-->src\main\AndroidManifest.xml:14:5-51:19
50        android:name="com.pau.busapp.App"
50-->src\main\AndroidManifest.xml:15:9-28
51        android:allowBackup="true"
51-->src\main\AndroidManifest.xml:16:9-35
52        android:appComponentFactory="androidx.core.app.CoreComponentFactory"
52-->[androidx.core:core:1.12.0] AndroidManifest.xml:28:18-86
53        android:debuggable="true"
54        android:extractNativeLibs="false"
55        android:icon="@mipmap/ic_launcher"
55-->src\main\AndroidManifest.xml:17:9-43
56        android:label="@string/app_name"
56-->src\main\AndroidManifest.xml:18:9-41
57        android:roundIcon="@mipmap/ic_launcher_round"
57-->src\main\AndroidManifest.xml:19:9-54
58        android:supportsRtl="true"
58-->src\main\AndroidManifest.xml:20:9-35
59        android:testOnly="true"
60        android:theme="@style/Theme.BusPau"
60-->src\main\AndroidManifest.xml:22:9-44
61        android:usesCleartextTraffic="true" >
61-->src\main\AndroidManifest.xml:21:9-44
62        <activity
62-->src\main\AndroidManifest.xml:23:9-29:20
63            android:name="com.pau.busapp.MainActivity"
63-->src\main\AndroidManifest.xml:23:19-47
64            android:exported="true"
64-->src\main\AndroidManifest.xml:23:48-71
65            android:launchMode="singleTop" >
65-->src\main\AndroidManifest.xml:24:13-43
66            <intent-filter>
66-->src\main\AndroidManifest.xml:25:13-28:29
67                <action android:name="android.intent.action.MAIN" />
67-->src\main\AndroidManifest.xml:26:17-69
67-->src\main\AndroidManifest.xml:26:25-66
68
69                <category android:name="android.intent.category.LAUNCHER" />
69-->src\main\AndroidManifest.xml:27:17-77
69-->src\main\AndroidManifest.xml:27:27-74
70            </intent-filter>
71        </activity>
72        <activity
72-->src\main\AndroidManifest.xml:30:9-31:50
73            android:name="com.pau.busapp.WidgetConfigActivity"
73-->src\main\AndroidManifest.xml:30:19-55
74            android:exported="false"
74-->src\main\AndroidManifest.xml:30:56-80
75            android:theme="@style/Theme.BusPau" />
75-->src\main\AndroidManifest.xml:31:13-48
76
77        <service
77-->src\main\AndroidManifest.xml:32:9-34:55
78            android:name="com.pau.busapp.TrackingService"
78-->src\main\AndroidManifest.xml:32:18-49
79            android:exported="false"
79-->src\main\AndroidManifest.xml:33:13-37
80            android:foregroundServiceType="dataSync" />
80-->src\main\AndroidManifest.xml:34:13-53
81        <service
81-->src\main\AndroidManifest.xml:35:9-37:39
82            android:name="com.pau.busapp.WidgetListService"
82-->src\main\AndroidManifest.xml:35:18-51
83            android:exported="false"
83-->src\main\AndroidManifest.xml:37:13-37
84            android:permission="android.permission.BIND_REMOTEVIEWS" />
84-->src\main\AndroidManifest.xml:36:13-69
85
86        <receiver
86-->src\main\AndroidManifest.xml:38:9-76
87            android:name="com.pau.busapp.AlertReceiver"
87-->src\main\AndroidManifest.xml:38:19-48
88            android:exported="false" />
88-->src\main\AndroidManifest.xml:38:49-73
89        <receiver
89-->src\main\AndroidManifest.xml:39:9-45:20
90            android:name="com.pau.busapp.StopsWidgetProvider"
90-->src\main\AndroidManifest.xml:39:19-54
91            android:exported="true"
91-->src\main\AndroidManifest.xml:39:55-78
92            android:label="@string/widget_label" >
92-->src\main\AndroidManifest.xml:39:79-115
93            <intent-filter>
93-->src\main\AndroidManifest.xml:40:13-43:29
94                <action android:name="android.appwidget.action.APPWIDGET_UPDATE" />
94-->src\main\AndroidManifest.xml:41:17-84
94-->src\main\AndroidManifest.xml:41:25-81
95                <action android:name="com.pau.busapp.WIDGET_REFRESH" />
95-->src\main\AndroidManifest.xml:42:17-72
95-->src\main\AndroidManifest.xml:42:25-69
96            </intent-filter>
97
98            <meta-data
98-->src\main\AndroidManifest.xml:44:13-110
99                android:name="android.appwidget.provider"
99-->src\main\AndroidManifest.xml:44:24-65
100                android:resource="@xml/widget_stops_info" />
100-->src\main\AndroidManifest.xml:44:66-107
101        </receiver>
102        <receiver
102-->src\main\AndroidManifest.xml:46:9-50:20
103            android:name="com.pau.busapp.BootReceiver"
103-->src\main\AndroidManifest.xml:46:19-47
104            android:exported="true" >
104-->src\main\AndroidManifest.xml:46:48-71
105            <intent-filter>
105-->src\main\AndroidManifest.xml:47:13-49:29
106                <action android:name="android.intent.action.BOOT_COMPLETED" />
106-->src\main\AndroidManifest.xml:48:17-79
106-->src\main\AndroidManifest.xml:48:25-76
107            </intent-filter>
108        </receiver>
109
110        <provider
110-->[androidx.emoji2:emoji2:1.2.0] AndroidManifest.xml:24:9-32:20
111            android:name="androidx.startup.InitializationProvider"
111-->[androidx.emoji2:emoji2:1.2.0] AndroidManifest.xml:25:13-67
112            android:authorities="com.pau.busapp.androidx-startup"
112-->[androidx.emoji2:emoji2:1.2.0] AndroidManifest.xml:26:13-68
113            android:exported="false" >
113-->[androidx.emoji2:emoji2:1.2.0] AndroidManifest.xml:27:13-37
114            <meta-data
114-->[androidx.emoji2:emoji2:1.2.0] AndroidManifest.xml:29:13-31:52
115                android:name="androidx.emoji2.text.EmojiCompatInitializer"
115-->[androidx.emoji2:emoji2:1.2.0] AndroidManifest.xml:30:17-75
116                android:value="androidx.startup" />
116-->[androidx.emoji2:emoji2:1.2.0] AndroidManifest.xml:31:17-49
117            <meta-data
117-->[androidx.lifecycle:lifecycle-process:2.6.1] AndroidManifest.xml:29:13-31:52
118                android:name="androidx.lifecycle.ProcessLifecycleInitializer"
118-->[androidx.lifecycle:lifecycle-process:2.6.1] AndroidManifest.xml:30:17-78
119                android:value="androidx.startup" />
119-->[androidx.lifecycle:lifecycle-process:2.6.1] AndroidManifest.xml:31:17-49
120            <meta-data
120-->[androidx.profileinstaller:profileinstaller:1.3.0] AndroidManifest.xml:29:13-31:52
121                android:name="androidx.profileinstaller.ProfileInstallerInitializer"
121-->[androidx.profileinstaller:profileinstaller:1.3.0] AndroidManifest.xml:30:17-85
122                android:value="androidx.startup" />
122-->[androidx.profileinstaller:profileinstaller:1.3.0] AndroidManifest.xml:31:17-49
123        </provider>
124
125        <receiver
125-->[androidx.profileinstaller:profileinstaller:1.3.0] AndroidManifest.xml:34:9-52:20
126            android:name="androidx.profileinstaller.ProfileInstallReceiver"
126-->[androidx.profileinstaller:profileinstaller:1.3.0] AndroidManifest.xml:35:13-76
127            android:directBootAware="false"
127-->[androidx.profileinstaller:profileinstaller:1.3.0] AndroidManifest.xml:36:13-44
128            android:enabled="true"
128-->[androidx.profileinstaller:profileinstaller:1.3.0] AndroidManifest.xml:37:13-35
129            android:exported="true"
129-->[androidx.profileinstaller:profileinstaller:1.3.0] AndroidManifest.xml:38:13-36
130            android:permission="android.permission.DUMP" >
130-->[androidx.profileinstaller:profileinstaller:1.3.0] AndroidManifest.xml:39:13-57
131            <intent-filter>
131-->[androidx.profileinstaller:profileinstaller:1.3.0] AndroidManifest.xml:40:13-42:29
132                <action android:name="androidx.profileinstaller.action.INSTALL_PROFILE" />
132-->[androidx.profileinstaller:profileinstaller:1.3.0] AndroidManifest.xml:41:17-91
132-->[androidx.profileinstaller:profileinstaller:1.3.0] AndroidManifest.xml:41:25-88
133            </intent-filter>
134            <intent-filter>
134-->[androidx.profileinstaller:profileinstaller:1.3.0] AndroidManifest.xml:43:13-45:29
135                <action android:name="androidx.profileinstaller.action.SKIP_FILE" />
135-->[androidx.profileinstaller:profileinstaller:1.3.0] AndroidManifest.xml:44:17-85
135-->[androidx.profileinstaller:profileinstaller:1.3.0] AndroidManifest.xml:44:25-82
136            </intent-filter>
137            <intent-filter>
137-->[androidx.profileinstaller:profileinstaller:1.3.0] AndroidManifest.xml:46:13-48:29
138                <action android:name="androidx.profileinstaller.action.SAVE_PROFILE" />
138-->[androidx.profileinstaller:profileinstaller:1.3.0] AndroidManifest.xml:47:17-88
138-->[androidx.profileinstaller:profileinstaller:1.3.0] AndroidManifest.xml:47:25-85
139            </intent-filter>
140            <intent-filter>
140-->[androidx.profileinstaller:profileinstaller:1.3.0] AndroidManifest.xml:49:13-51:29
141                <action android:name="androidx.profileinstaller.action.BENCHMARK_OPERATION" />
141-->[androidx.profileinstaller:profileinstaller:1.3.0] AndroidManifest.xml:50:17-95
141-->[androidx.profileinstaller:profileinstaller:1.3.0] AndroidManifest.xml:50:25-92
142            </intent-filter>
143        </receiver>
144    </application>
145
146</manifest>